# JRE version: OpenJDK Runtime Environment (11.0.2+9) (build 11.0.2+9)
# Java VM: OpenJDK 64-Bit Server VM (11.0.2+9, mixed mode, tiered, compressed oops, g1 gc, windows-amd64)
Heap:
 garbage-first heap   total 368640K, used 139381K [0x0000000740000000, 0x0000000800000000)
  region size 1024K, 25 young (25600K), 0 survivors (0K)
 Metaspace       used 95139K, capacity 96496K, committed 99284K, reserved 1134592K
  class space    used 12421K, capacity 13006K, committed 14028K, reserved 1048576K
GC Heap History (10 events):
Event: 6083.053 GC heap before
{Heap before GC invocations=1976 (full 1329):
 garbage-first heap   total 368640K, used 129144K [0x0000000740000000, 0x0000000800000000)
  region size 1024K, 3 young (3072K), 0 survivors (0K)
 Metaspace       used 95068K, capacity 96432K, committed 99284K, reserved 1134592K
  class space    used 12421K, capacity 13006K, committed 14028K, reserved 1048576K
}
Event: 6083.117 GC heap after
{Heap after GC invocations=1977 (full 1330):
 garbage-first heap   total 368640K, used 114809K [0x0000000740000000, 0x0000000800000000)
  region size 1024K, 0 young (0K), 0 survivors (0K)
 Metaspace       used 95068K, capacity 96432K, committed 99284K, reserved 1134592K
  class space    used 12421K, capacity 13006K, committed 14028K, reserved 1048576K
}
Event: 6083.562 GC heap before
{Heap before GC invocations=1977 (full 1330):
 garbage-first heap   total 368640K, used 127097K [0x0000000740000000, 0x0000000800000000)
  region size 1024K, 5 young (5120K), 0 survivors (0K)
 Metaspace       used 95068K, capacity 96432K, committed 99284K, reserved 1134592K
  class space    used 12421K, capacity 13006K, committed 14028K, reserved 1048576K
}
Event: 6083.615 GC heap after
{Heap after GC invocations=1978 (full 1331):
 garbage-first heap   total 368640K, used 114870K [0x0000000740000000, 0x0000000800000000)
  region size 1024K, 0 young (0K), 0 survivors (0K)
 Metaspace       used 95068K, capacity 96432K, committed 99284K, reserved 1134592K
  class space    used 12421K, capacity 13006K, committed 14028K, reserved 1048576K
}
Event: 6088.625 GC heap before
{Heap before GC invocations=1978 (full 1331):
 garbage-first heap   total 368640K, used 179382K [0x0000000740000000, 0x0000000800000000)
  region size 1024K, 60 young (61440K), 0 survivors (0K)
 Metaspace       used 95072K, capacity 96432K, committed 99284K, reserved 1134592K
  class space    used 12421K, capacity 13006K, committed 14028K, reserved 1048576K
}
Event: 6088.630 GC heap after
{Heap after GC invocations=1979 (full 1331):
 garbage-first heap   total 368640K, used 119504K [0x0000000740000000, 0x0000000800000000)
  region size 1024K, 1 young (1024K), 1 survivors (1024K)
 Metaspace       used 95072K, capacity 96432K, committed 99284K, reserved 1134592K
  class space    used 12421K, capacity 13006K, committed 14028K, reserved 1048576K
}
Event: 6101.734 GC heap before
{Heap before GC invocations=1979 (full 1331):
 garbage-first heap   total 368640K, used 179920K [0x0000000740000000, 0x0000000800000000)
  region size 1024K, 60 young (61440K), 1 survivors (1024K)
 Metaspace       used 95132K, capacity 96496K, committed 99284K, reserved 1134592K
  class space    used 12421K, capacity 13006K, committed 14028K, reserved 1048576K
}
Event: 6101.739 GC heap after
{Heap after GC invocations=1980 (full 1331):
 garbage-first heap   total 368640K, used 119409K [0x0000000740000000, 0x0000000800000000)
  region size 1024K, 1 young (1024K), 1 survivors (1024K)
 Metaspace       used 95132K, capacity 96496K, committed 99284K, reserved 1134592K
  class space    used 12421K, capacity 13006K, committed 14028K, reserved 1048576K
}
Event: 6104.448 GC heap before
{Heap before GC invocations=1980 (full 1331):
 garbage-first heap   total 368640K, used 134769K [0x0000000740000000, 0x0000000800000000)
  region size 1024K, 17 young (17408K), 1 survivors (1024K)
 Metaspace       used 95138K, capacity 96496K, committed 99284K, reserved 1134592K
  class space    used 12421K, capacity 13006K, committed 14028K, reserved 1048576K
}
Event: 6104.509 GC heap after
{Heap after GC invocations=1981 (full 1332):
 garbage-first heap   total 368640K, used 114805K [0x0000000740000000, 0x0000000800000000)
  region size 1024K, 0 young (0K), 0 survivors (0K)
 Metaspace       used 95138K, capacity 96496K, committed 99284K, reserved 1134592K
  class space    used 12421K, capacity 13006K, committed 14028K, reserved 1048576K
}

